k127_24193938_M_bin.100_2	WP_025432435.1	isoF [organism=Rhodococcus opacus PD630] [GeneID=69891275]	isoF	28.431	102	66	4	1618	1905	146	246	4.08E-06	37.4
k127_18565733_M_bin.100_3	WP_005241088.1	isoC [organism=Rhodococcus opacus PD630] [GeneID=69891278]	isoC	32.979	94	62	1	40	321	16	108	1.74E-10	47.4
k127_21478213_M_bin.100_11	WP_005241088.1	isoC [organism=Rhodococcus opacus PD630] [GeneID=69891278]	isoC	24.138	87	59	3	91	351	27	106	6.95E-06	31.2
k127_14263747_M_bin.102_4	WP_005241088.1	isoC [organism=Rhodococcus opacus PD630] [GeneID=69891278]	isoC	34.043	47	31	0	151	291	29	75	2.17E-07	37.4
k127_15989563_M_bin.102_2	WP_025432435.1	isoF [organism=Rhodococcus opacus PD630] [GeneID=69891275]	isoF	32.857	70	46	1	502	708	184	253	8.29E-08	40.8
k127_4431751_M_bin.105_7	WP_025432435.1	isoF [organism=Rhodococcus opacus PD630] [GeneID=69891275]	isoF	22.115	208	142	5	889	1476	117	316	1.28E-08	44.7
k127_22887928_M_bin.105_24	WP_025432435.1	isoF [organism=Rhodococcus opacus PD630] [GeneID=69891275]	isoF	31.183	93	60	2	112	378	136	228	2.83E-09	45.4
k127_20342031_M_bin.105_7	WP_025432435.1	isoF [organism=Rhodococcus opacus PD630] [GeneID=69891275]	isoF	28.049	246	145	12	85	777	117	345	1.46E-16	68.2
k127_20435344_M_bin.105_3	WP_005241088.1	isoC [organism=Rhodococcus opacus PD630] [GeneID=69891278]	isoC	39.13	46	28	0	100	237	39	84	7.67E-07	33.9
k127_14826213_M_bin.105_2	WP_025432435.1	isoF [organism=Rhodococcus opacus PD630] [GeneID=69891275]	isoF	29.897	194	116	8	136	678	142	328	1.67E-13	57.4
k127_19895420_M_bin.109_3	WP_005241092.1	isoA [organism=Rhodococcus opacus PD630] [GeneID=69891280]	isoA	26.882	93	59	2	272	3	99	185	3.47E-06	35.8
k127_2894064_M_bin.111_6	WP_005241088.1	isoC [organism=Rhodococcus opacus PD630] [GeneID=69891278]	isoC	35	60	36	3	190	366	27	84	3.37E-07	37.4
k127_2894064_M_bin.111_7	WP_025432435.1	isoF [organism=Rhodococcus opacus PD630] [GeneID=69891275]	isoF	27.027	222	137	10	112	735	118	328	7.21E-16	65.5
k127_12829082_M_bin.111_9	WP_025432435.1	isoF [organism=Rhodococcus opacus PD630] [GeneID=69891275]	isoF	35.938	64	35	3	139	321	142	202	5.81E-06	34.7
k127_16014071_M_bin.111_8	WP_025432435.1	isoF [organism=Rhodococcus opacus PD630] [GeneID=69891275]	isoF	32.955	88	56	2	145	399	2	89	1.14E-11	49.3
k127_7577318_M_bin.111_8	WP_005241088.1	isoC [organism=Rhodococcus opacus PD630] [GeneID=69891278]	isoC	25.806	62	45	1	100	285	15	75	2.95E-08	40.4
k127_16220499_M_bin.12_13	WP_025432435.1	isoF [organism=Rhodococcus opacus PD630] [GeneID=69891275]	isoF	31.481	162	96	6	493	936	182	342	4.26E-08	42
k127_10647607_M_bin.12_4	WP_025432435.1	isoF [organism=Rhodococcus opacus PD630] [GeneID=69891275]	isoF	27.65	217	141	9	568	1197	136	343	9.20E-11	50.8
k127_26630158_M_bin.12_1	WP_005241088.1	isoC [organism=Rhodococcus opacus PD630] [GeneID=69891278]	isoC	34.043	47	31	0	160	300	29	75	5.02E-08	38.9
k127_20172194_M_bin.1_1	WP_025432435.1	isoF [organism=Rhodococcus opacus PD630] [GeneID=69891275]	isoF	25.439	114	79	3	646	987	123	230	1.60E-06	37.7
k127_8632656_M_bin.21_24	WP_025432435.1	isoF [organism=Rhodococcus opacus PD630] [GeneID=69891275]	isoF	32.602	319	198	9	55	975	19	332	5.30E-43	141
k127_11708155_M_bin.21_1	WP_025432435.1	isoF [organism=Rhodococcus opacus PD630] [GeneID=69891275]	isoF	27.119	177	104	8	25	525	110	271	7.32E-07	37.4
k127_27259829_M_bin.21_5	WP_025432435.1	isoF [organism=Rhodococcus opacus PD630] [GeneID=69891275]	isoF	28.834	326	205	11	16	930	3	322	2.29E-31	110
k127_24523647_M_bin.21_10	WP_005241088.1	isoC [organism=Rhodococcus opacus PD630] [GeneID=69891278]	isoC	31.532	111	56	3	7	336	15	106	7.39E-08	38.9
k127_13349556_M_bin.21_23	WP_025432435.1	isoF [organism=Rhodococcus opacus PD630] [GeneID=69891275]	isoF	40.323	62	34	1	1003	1179	21	82	4.97E-09	45.4
k127_15836938_M_bin.32_7	WP_025432435.1	isoF [organism=Rhodococcus opacus PD630] [GeneID=69891275]	isoF	28.175	252	139	12	4	660	101	343	4.76E-06	35.4
k127_26160272_M_bin.32_3	WP_025432435.1	isoF [organism=Rhodococcus opacus PD630] [GeneID=69891275]	isoF	27.215	158	112	3	298	765	117	273	5.79E-07	38.1
k127_10018137_M_bin.44_6	WP_025432435.1	isoF [organism=Rhodococcus opacus PD630] [GeneID=69891275]	isoF	33.75	80	48	2	685	909	1	80	6.98E-07	38.1
k127_12857314_M_bin.44_1	WP_005241088.1	isoC [organism=Rhodococcus opacus PD630] [GeneID=69891278]	isoC	35	60	36	3	190	366	27	84	9.68E-08	38.5
k127_27746132_M_bin.44_1	WP_005241088.1	isoC [organism=Rhodococcus opacus PD630] [GeneID=69891278]	isoC	31.343	67	41	2	145	333	29	94	2.33E-06	34.7
k127_5389250_M_bin.44_1	WP_025432435.1	isoF [organism=Rhodococcus opacus PD630] [GeneID=69891275]	isoF	28.704	108	67	5	145	450	148	251	6.02E-06	33.9
k127_221031_M_bin.47_2	WP_005241088.1	isoC [organism=Rhodococcus opacus PD630] [GeneID=69891278]	isoC	32.979	94	62	1	40	321	16	108	9.80E-11	47.8
k127_23479167_M_bin.47_4	WP_025432435.1	isoF [organism=Rhodococcus opacus PD630] [GeneID=69891275]	isoF	31.034	87	57	2	793	1044	2	88	2.22E-08	42.7
k127_17890402_M_bin.47_2	WP_025432435.1	isoF [organism=Rhodococcus opacus PD630] [GeneID=69891275]	isoF	26.337	243	149	12	46	735	118	343	4.15E-16	66.6
k127_13755145_M_bin.47_14	WP_025432435.1	isoF [organism=Rhodococcus opacus PD630] [GeneID=69891275]	isoF	30.952	84	56	2	1618	1863	146	229	1.44E-06	38.5
k127_19780711_M_bin.52_4	WP_025432435.1	isoF [organism=Rhodococcus opacus PD630] [GeneID=69891275]	isoF	32.967	91	59	2	493	762	183	272	2.11E-08	42.7
k127_7213877_M_bin.52_8	WP_005241088.1	isoC [organism=Rhodococcus opacus PD630] [GeneID=69891278]	isoC	33.333	63	42	0	52	240	23	85	6.10E-07	37
k127_7414208_M_bin.52_4	WP_005241088.1	isoC [organism=Rhodococcus opacus PD630] [GeneID=69891278]	isoC	31.915	47	32	0	148	288	29	75	3.89E-06	34.3
k127_12344070_M_bin.52_5	WP_025432435.1	isoF [organism=Rhodococcus opacus PD630] [GeneID=69891275]	isoF	35.938	64	37	2	172	357	142	203	2.13E-08	42
k127_27071292_M_bin.55_7	WP_025432435.1	isoF [organism=Rhodococcus opacus PD630] [GeneID=69891275]	isoF	27.485	171	104	9	16	510	102	258	1.03E-06	37
k127_24523286_M_bin.55_10	WP_025432435.1	isoF [organism=Rhodococcus opacus PD630] [GeneID=69891275]	isoF	28.896	308	189	12	4	858	45	345	5.04E-23	85.9
k127_9920963_M_bin.60_26	WP_025432435.1	isoF [organism=Rhodococcus opacus PD630] [GeneID=69891275]	isoF	28.169	213	135	8	142	753	125	328	2.00E-15	65.1
k127_14203861_M_bin.60_4	WP_025432435.1	isoF [organism=Rhodococcus opacus PD630] [GeneID=69891275]	isoF	30	150	96	4	52	492	114	257	2.44E-08	42.7
k127_5979904_M_bin.60_2	WP_025432435.1	isoF [organism=Rhodococcus opacus PD630] [GeneID=69891275]	isoF	37.755	98	54	4	142	426	118	211	1.00E-10	49.7
k127_27220732_M_bin.60_15	WP_005241088.1	isoC [organism=Rhodococcus opacus PD630] [GeneID=69891278]	isoC	34.783	46	30	0	139	276	39	84	2.08E-07	35.4
k127_8202301_M_bin.60_3	WP_005241088.1	isoC [organism=Rhodococcus opacus PD630] [GeneID=69891278]	isoC	40.476	42	25	0	121	246	39	80	7.85E-08	36.6
k127_24146239_M_bin.66_7	WP_025432435.1	isoF [organism=Rhodococcus opacus PD630] [GeneID=69891275]	isoF	33.333	327	186	10	79	1002	19	332	2.27E-39	132
k127_22935826_M_bin.66_2	WP_005241088.1	isoC [organism=Rhodococcus opacus PD630] [GeneID=69891278]	isoC	37.5	48	30	0	148	291	29	76	1.93E-07	38.1
k127_22935826_M_bin.66_5	WP_025432435.1	isoF [organism=Rhodococcus opacus PD630] [GeneID=69891275]	isoF	27.66	94	64	3	124	396	134	226	9.89E-06	34.7
k127_13476095_M_bin.67_6	WP_005241088.1	isoC [organism=Rhodococcus opacus PD630] [GeneID=69891278]	isoC	39.024	41	25	0	106	228	40	80	4.04E-06	32
k127_20857951_M_bin.67_35	WP_025432435.1	isoF [organism=Rhodococcus opacus PD630] [GeneID=69891275]	isoF	26.638	229	145	9	40	687	125	343	7.11E-11	49.3
k127_8751129_M_bin.77_33	WP_025432435.1	isoF [organism=Rhodococcus opacus PD630] [GeneID=69891275]	isoF	38.272	81	40	5	151	375	150	226	1.77E-06	36.2
k127_8837837_M_bin.77_50	WP_025432435.1	isoF [organism=Rhodococcus opacus PD630] [GeneID=69891275]	isoF	24.171	211	134	8	109	666	134	343	4.86E-10	47.8
k127_8857392_M_bin.77_35	WP_005241088.1	isoC [organism=Rhodococcus opacus PD630] [GeneID=69891278]	isoC	37.838	37	23	0	112	222	40	76	3.43E-06	34.3
k127_14618841_M_bin.77_28	WP_005241088.1	isoC [organism=Rhodococcus opacus PD630] [GeneID=69891278]	isoC	29.114	79	48	3	1	237	10	80	1.45E-06	33.1
k127_4836779_M_bin.77_59	WP_025432435.1	isoF [organism=Rhodococcus opacus PD630] [GeneID=69891275]	isoF	34.211	76	44	3	64	279	18	91	1.99E-09	41.6
k127_7703799_M_bin.77_43	WP_025432435.1	isoF [organism=Rhodococcus opacus PD630] [GeneID=69891275]	isoF	25.197	127	91	3	103	471	134	260	1.09E-08	43.5
k127_2366973_M_bin.77_29	WP_025432435.1	isoF [organism=Rhodococcus opacus PD630] [GeneID=69891275]	isoF	27.854	219	138	8	115	738	118	327	1.93E-14	62
k127_2366973_M_bin.77_30	WP_005241088.1	isoC [organism=Rhodococcus opacus PD630] [GeneID=69891278]	isoC	29.032	93	54	4	193	468	25	106	3.77E-06	34.3
k127_27809324_M_bin.77_21	WP_025432435.1	isoF [organism=Rhodococcus opacus PD630] [GeneID=69891275]	isoF	32.831	332	204	7	82	1038	20	345	1.69E-46	150
k127_5274741_M_bin.77_8	WP_005241088.1	isoC [organism=Rhodococcus opacus PD630] [GeneID=69891278]	isoC	31.25	80	54	1	79	318	28	106	2.05E-09	40.4
k127_5274741_M_bin.77_11	WP_025432435.1	isoF [organism=Rhodococcus opacus PD630] [GeneID=69891275]	isoF	32.036	334	200	7	46	984	18	345	1.52E-42	140
k127_24193064_M_bin.77_12	WP_025432435.1	isoF [organism=Rhodococcus opacus PD630] [GeneID=69891275]	isoF	27.356	329	211	11	7	927	22	344	4.90E-26	94.7
k127_20413734_M_bin.87_10	WP_025432435.1	isoF [organism=Rhodococcus opacus PD630] [GeneID=69891275]	isoF	31.868	91	56	3	58	324	117	203	7.55E-10	46.2
k127_17625206_M_bin.87_12	WP_025432435.1	isoF [organism=Rhodococcus opacus PD630] [GeneID=69891275]	isoF	30.4	125	70	6	193	555	1	112	2.48E-06	35
k127_2874288_M_bin.94_4	WP_025432435.1	isoF [organism=Rhodococcus opacus PD630] [GeneID=69891275]	isoF	30.82	305	192	6	46	906	18	321	9.07E-34	116
k127_2931323_M_bin.94_5	WP_025432435.1	isoF [organism=Rhodococcus opacus PD630] [GeneID=69891275]	isoF	34.32	338	194	11	55	1017	19	345	6.59E-45	146
k127_18898165_M_bin.94_2	WP_005241088.1	isoC [organism=Rhodococcus opacus PD630] [GeneID=69891278]	isoC	33.962	53	35	0	100	258	28	80	1.25E-07	36.2
k127_13295893_M_bin.94_1	WP_005241088.1	isoC [organism=Rhodococcus opacus PD630] [GeneID=69891278]	isoC	32.099	81	55	0	142	384	28	108	1.01E-07	38.9
k127_27645826_M_bin.94_15	WP_005241088.1	isoC [organism=Rhodococcus opacus PD630] [GeneID=69891278]	isoC	33.333	72	48	0	16	231	12	83	1.65E-13	51.2
k127_21462092_M_bin.99_2	WP_025432435.1	isoF [organism=Rhodococcus opacus PD630] [GeneID=69891275]	isoF	26.396	197	123	6	970	1512	132	322	2.41E-11	53.1
k127_10766606_M_bin.99_2	WP_005241088.1	isoC [organism=Rhodococcus opacus PD630] [GeneID=69891278]	isoC	31.646	79	53	1	76	312	32	109	9.44E-09	38.9
k127_10914958_M_bin.99_8	WP_025432435.1	isoF [organism=Rhodococcus opacus PD630] [GeneID=69891275]	isoF	21.965	173	119	2	1	471	171	343	6.70E-07	37.4
k127_15282046_M_bin.99_6	WP_025432435.1	isoF [organism=Rhodococcus opacus PD630] [GeneID=69891275]	isoF	32.051	156	87	7	109	543	126	273	2.23E-14	59.7
k127_14226464_M_bin.9_1	WP_025432435.1	isoF [organism=Rhodococcus opacus PD630] [GeneID=69891275]	isoF	28.641	206	126	8	46	642	136	327	8.01E-15	62.8
k127_21360951_M_bin.9_2	WP_025432435.1	isoF [organism=Rhodococcus opacus PD630] [GeneID=69891275]	isoF	24	250	169	10	13	732	105	343	1.29E-13	59.3
k127_3558506_M_bin.9_3	WP_025432435.1	isoF [organism=Rhodococcus opacus PD630] [GeneID=69891275]	isoF	33.663	101	58	4	7	303	106	199	6.31E-08	40.8
k127_18335943_M_bin.9_4	WP_005241088.1	isoC [organism=Rhodococcus opacus PD630] [GeneID=69891278]	isoC	29.907	107	71	3	13	333	10	112	7.44E-09	42.7
k127_9065535_S_bin.117_3	WP_005241088.1	isoC [organism=Rhodococcus opacus PD630] [GeneID=69891278]	isoC	21.782	101	77	1	7	309	7	105	6.57E-09	39.7
k127_9065023_S_bin.120_2	WP_005241088.1	isoC [organism=Rhodococcus opacus PD630] [GeneID=69891278]	isoC	24.194	62	47	0	49	234	22	83	7.21E-08	36.6
k127_25336611_S_bin.27_3	WP_025432435.1	isoF [organism=Rhodococcus opacus PD630] [GeneID=69891275]	isoF	33.333	327	186	10	79	1002	19	332	2.42E-39	132
k127_40286168_S_bin.27_2	WP_025432435.1	isoF [organism=Rhodococcus opacus PD630] [GeneID=69891275]	isoF	37.179	78	43	3	82	303	17	92	3.81E-11	47
k127_21065964_S_bin.28_3	WP_005241088.1	isoC [organism=Rhodococcus opacus PD630] [GeneID=69891278]	isoC	27.083	48	35	0	1	144	9	56	1.79E-06	32.7
k127_15208070_S_bin.28_2	WP_025432435.1	isoF [organism=Rhodococcus opacus PD630] [GeneID=69891275]	isoF	29.365	126	75	7	94	453	134	251	7.27E-09	43.5
k127_36295592_S_bin.28_1	WP_025432435.1	isoF [organism=Rhodococcus opacus PD630] [GeneID=69891275]	isoF	25	100	73	2	94	387	134	233	3.95E-08	39.3
k127_28023546_S_bin.28_3	WP_025432435.1	isoF [organism=Rhodococcus opacus PD630] [GeneID=69891275]	isoF	21.834	229	170	5	88	756	118	343	1.24E-09	47
k127_11374958_S_bin.28_2	WP_025432435.1	isoF [organism=Rhodococcus opacus PD630] [GeneID=69891275]	isoF	31.111	135	81	5	52	420	21	155	9.20E-10	47
k127_30355699_S_bin.28_14	WP_025432435.1	isoF [organism=Rhodococcus opacus PD630] [GeneID=69891275]	isoF	30.357	168	100	10	16	498	105	262	1.90E-06	36.2
k127_22144629_S_bin.28_47	WP_005241092.1	isoA [organism=Rhodococcus opacus PD630] [GeneID=69891280]	isoA	25	124	80	4	388	759	347	457	4.06E-06	35.8
k127_22562006_S_bin.28_12	WP_025432435.1	isoF [organism=Rhodococcus opacus PD630] [GeneID=69891275]	isoF	28.49	351	208	14	1	948	1	343	3.76E-21	81.3
k127_21860462_S_bin.29_6	WP_005241088.1	isoC [organism=Rhodococcus opacus PD630] [GeneID=69891278]	isoC	35.802	81	43	4	7	249	9	80	6.19E-06	31.6
k127_17503203_S_bin.30_42	WP_025432435.1	isoF [organism=Rhodococcus opacus PD630] [GeneID=69891275]	isoF	26.778	239	161	4	10	690	107	343	1.06E-21	80.9
k127_4921539_S_bin.30_34	WP_025432435.1	isoF [organism=Rhodococcus opacus PD630] [GeneID=69891275]	isoF	23.789	227	149	9	517	1164	130	343	1.11E-13	59.7
k127_13464112_S_bin.30_1	WP_025432435.1	isoF [organism=Rhodococcus opacus PD630] [GeneID=69891275]	isoF	31.818	66	43	2	574	771	166	229	1.89E-06	37
k127_30321457_S_bin.30_26	WP_025432435.1	isoF [organism=Rhodococcus opacus PD630] [GeneID=69891275]	isoF	26	150	97	6	52	483	122	263	2.86E-06	35.4
k127_15592604_S_bin.30_11	WP_025432435.1	isoF [organism=Rhodococcus opacus PD630] [GeneID=69891275]	isoF	32.5	80	46	2	886	1104	10	88	2.98E-08	42.7
k127_40949841_S_bin.30_18	WP_025432435.1	isoF [organism=Rhodococcus opacus PD630] [GeneID=69891275]	isoF	34.043	47	28	2	13	144	43	89	8.70E-06	29.3
k127_30473359_S_bin.30_28	WP_025432435.1	isoF [organism=Rhodococcus opacus PD630] [GeneID=69891275]	isoF	44.118	34	16	1	79	171	21	54	2.38E-06	32.3
k127_27294173_S_bin.30_57	WP_025432435.1	isoF [organism=Rhodococcus opacus PD630] [GeneID=69891275]	isoF	25.628	199	124	9	1111	1680	149	332	5.74E-06	36.2
k127_23855834_S_bin.36_3	WP_005241088.1	isoC [organism=Rhodococcus opacus PD630] [GeneID=69891278]	isoC	33.846	65	40	3	223	414	27	89	2.01E-09	43.9
k127_25996494_S_bin.36_1	WP_025432435.1	isoF [organism=Rhodococcus opacus PD630] [GeneID=69891275]	isoF	30.714	140	79	5	52	432	21	155	3.35E-10	45.8
k127_26381831_S_bin.36_3	WP_025432435.1	isoF [organism=Rhodococcus opacus PD630] [GeneID=69891275]	isoF	25.316	316	199	8	4	858	34	343	4.09E-20	77.8
k127_41115350_S_bin.36_4	WP_025432435.1	isoF [organism=Rhodococcus opacus PD630] [GeneID=69891275]	isoF	26.984	126	88	3	94	459	134	259	1.70E-08	43.1
k127_16627695_S_bin.36_1	WP_025432435.1	isoF [organism=Rhodococcus opacus PD630] [GeneID=69891275]	isoF	31.395	172	99	10	7	498	102	262	2.44E-08	41.2
k127_23611639_S_bin.50_2	WP_005241088.1	isoC [organism=Rhodococcus opacus PD630] [GeneID=69891278]	isoC	21.818	110	81	2	10	339	7	111	8.52E-08	36.6
k127_32283148_S_bin.50_4	WP_025432435.1	isoF [organism=Rhodococcus opacus PD630] [GeneID=69891275]	isoF	30.061	163	89	10	94	540	123	274	1.42E-06	36.6
k127_18974893_S_bin.56_5	WP_025432435.1	isoF [organism=Rhodococcus opacus PD630] [GeneID=69891275]	isoF	33.333	60	40	0	55	234	21	80	1.15E-08	40.4
k127_31678471_S_bin.56_3	WP_005241088.1	isoC [organism=Rhodococcus opacus PD630] [GeneID=69891278]	isoC	26.263	99	72	1	10	306	7	104	7.65E-07	36.6
k127_7274976_S_bin.56_1	WP_025432435.1	isoF [organism=Rhodococcus opacus PD630] [GeneID=69891275]	isoF	28.743	167	92	8	100	558	124	277	4.07E-08	41.6
k127_16934668_S_bin.61_5	WP_025432435.1	isoF [organism=Rhodococcus opacus PD630] [GeneID=69891275]	isoF	36.782	87	51	3	805	1056	3	88	2.05E-10	49.3
k127_282169_S_bin.61_1	WP_025432435.1	isoF [organism=Rhodococcus opacus PD630] [GeneID=69891275]	isoF	31.707	328	202	9	7	939	1	323	1.37E-43	142
k127_9109613_S_bin.61_9	WP_025432435.1	isoF [organism=Rhodococcus opacus PD630] [GeneID=69891275]	isoF	37.736	53	33	0	22	180	291	343	1.22E-07	35.4
k127_9458900_S_bin.61_1	WP_025432435.1	isoF [organism=Rhodococcus opacus PD630] [GeneID=69891275]	isoF	32.609	92	52	5	13	270	2	89	3.92E-08	38.1
k127_20779946_S_bin.61_3	WP_025432435.1	isoF [organism=Rhodococcus opacus PD630] [GeneID=69891275]	isoF	30.213	235	150	8	52	732	20	248	2.64E-21	80.9
k127_297241_S_bin.71_3	WP_005241088.1	isoC [organism=Rhodococcus opacus PD630] [GeneID=69891278]	isoC	28.736	87	45	2	64	324	28	97	4.50E-06	32.3
k127_13074234_S_bin.71_3	WP_025432435.1	isoF [organism=Rhodococcus opacus PD630] [GeneID=69891275]	isoF	30.075	133	70	7	124	504	124	239	1.63E-07	39.7
k127_8222526_S_bin.71_2	WP_005241088.1	isoC [organism=Rhodococcus opacus PD630] [GeneID=69891278]	isoC	35.088	57	36	1	142	309	28	84	1.33E-06	35.8
k127_39761_S_bin.74_1	WP_025432435.1	isoF [organism=Rhodococcus opacus PD630] [GeneID=69891275]	isoF	33.333	144	85	5	478	894	111	248	2.99E-13	58.2
k127_21501799_S_bin.74_3	WP_025432435.1	isoF [organism=Rhodococcus opacus PD630] [GeneID=69891275]	isoF	28.161	348	213	11	1	948	1	343	1.62E-24	90.9
k127_40522105_S_bin.74_2	WP_025432435.1	isoF [organism=Rhodococcus opacus PD630] [GeneID=69891275]	isoF	23.005	213	156	4	88	711	118	327	9.74E-11	50.4
k127_13398277_S_bin.74_1	WP_005241088.1	isoC [organism=Rhodococcus opacus PD630] [GeneID=69891278]	isoC	30	50	35	0	121	270	28	77	1.31E-06	33.1
k127_16072405_S_bin.74_4	WP_025432435.1	isoF [organism=Rhodococcus opacus PD630] [GeneID=69891275]	isoF	28.505	214	134	9	52	645	21	231	2.99E-11	51.6
k127_35545718_S_bin.74_3	WP_025432435.1	isoF [organism=Rhodococcus opacus PD630] [GeneID=69891275]	isoF	35.119	168	92	10	10	492	105	262	6.70E-11	49.7
k127_30159413_S_bin.80_2	WP_025432435.1	isoF [organism=Rhodococcus opacus PD630] [GeneID=69891275]	isoF	26.695	236	161	6	415	1113	101	327	6.85E-13	57
k127_7637478_S_bin.80_2	WP_005241088.1	isoC [organism=Rhodococcus opacus PD630] [GeneID=69891278]	isoC	32.258	93	62	1	37	315	16	107	5.51E-15	55.1
k127_14038684_S_bin.80_2	WP_025432435.1	isoF [organism=Rhodococcus opacus PD630] [GeneID=69891275]	isoF	34.884	86	50	1	871	1110	4	89	1.67E-11	52.8
k127_12092423_S_bin.80_1	WP_005241088.1	isoC [organism=Rhodococcus opacus PD630] [GeneID=69891278]	isoC	47.368	38	20	0	127	240	44	81	5.81E-07	34.3
k127_3856087_S_bin.80_6	WP_025432435.1	isoF [organism=Rhodococcus opacus PD630] [GeneID=69891275]	isoF	27.397	219	135	13	232	840	134	344	1.62E-10	49.7
k127_32248982_S_bin.8_1	WP_025432435.1	isoF [organism=Rhodococcus opacus PD630] [GeneID=69891275]	isoF	21.429	224	155	7	106	750	134	345	1.52E-11	52
k127_34036589_S_bin.9_3	WP_005241088.1	isoC [organism=Rhodococcus opacus PD630] [GeneID=69891278]	isoC	36.111	72	39	2	580	780	13	82	4.88E-06	33.9
k127_28294690_S_bin.9_3	WP_025432435.1	isoF [organism=Rhodococcus opacus PD630] [GeneID=69891275]	isoF	24.02	204	137	9	106	690	134	328	2.75E-14	61.2
k127_9402627_S_bin.9_5	WP_025432435.1	isoF [organism=Rhodococcus opacus PD630] [GeneID=69891275]	isoF	38.095	63	36	2	196	375	22	84	1.57E-10	46.2